<?xml version="1.0" encoding="UTF-8"?>
<!-- Generated by org.testng.reporters.JUnitReportReporter -->
<testsuite hostname="DESKTOP-HMKMG6M" failures="0" tests="1" name="runner.MyRunner" time="12.699" errors="0" timestamp="2023-11-23T10:47:35 IST" skipped="0">
  <testcase classname="runner.MyRunner" name="runScenario" time="12.699"/>
  <system-out/>
</testsuite> <!-- runner.MyRunner -->
