<?xml version="1.0" encoding="UTF-8"?>
<!-- Generated by org.testng.reporters.JUnitReportReporter -->
<testsuite hostname="DESKTOP-HMKMG6M" failures="0" tests="10" name="runner.MyRunner" time="139.835" errors="0" timestamp="2023-11-26T13:37:43 IST" skipped="0">
  <testcase classname="runner.MyRunner" name="runScenario" time="28.682"/>
  <system-out/>
  <testcase classname="runner.MyRunner" name="runScenario" time="9.983"/>
  <system-out/>
  <testcase classname="runner.MyRunner" name="runScenario" time="11.569"/>
  <system-out/>
  <testcase classname="runner.MyRunner" name="runScenario" time="10.159"/>
  <system-out/>
  <testcase classname="runner.MyRunner" name="runScenario" time="12.448"/>
  <system-out/>
  <testcase classname="runner.MyRunner" name="runScenario" time="11.859"/>
  <system-out/>
  <testcase classname="runner.MyRunner" name="runScenario" time="18.750"/>
  <system-out/>
  <testcase classname="runner.MyRunner" name="runScenario" time="12.055"/>
  <system-out/>
  <testcase classname="runner.MyRunner" name="runScenario" time="12.383"/>
  <system-out/>
  <testcase classname="runner.MyRunner" name="runScenario" time="11.947"/>
  <system-out/>
</testsuite> <!-- runner.MyRunner -->
