<?xml version="1.0" encoding="UTF-8"?>
<!-- Generated by org.testng.reporters.JUnitReportReporter -->
<testsuite hostname="DESKTOP-HMKMG6M" failures="0" tests="4" name="runner.MyRunner" time="46.924" errors="0" timestamp="2023-11-24T13:39:09 IST" skipped="0">
  <testcase classname="runner.MyRunner" name="runScenario" time="10.978"/>
  <system-out/>
  <testcase classname="runner.MyRunner" name="runScenario" time="14.000"/>
  <system-out/>
  <testcase classname="runner.MyRunner" name="runScenario" time="11.435"/>
  <system-out/>
  <testcase classname="runner.MyRunner" name="runScenario" time="10.511"/>
  <system-out/>
</testsuite> <!-- runner.MyRunner -->
