<?xml version="1.0" encoding="UTF-8"?>
<!-- Generated by org.testng.reporters.JUnitReportReporter -->
<testsuite hostname="DESKTOP-HMKMG6M" failures="0" tests="7" name="runner.MyRunner" time="124.510" errors="0" timestamp="2023-11-24T23:12:45 IST" skipped="0">
  <testcase classname="runner.MyRunner" name="runScenario" time="19.886"/>
  <system-out/>
  <testcase classname="runner.MyRunner" name="runScenario" time="13.319"/>
  <system-out/>
  <testcase classname="runner.MyRunner" name="runScenario" time="16.541"/>
  <system-out/>
  <testcase classname="runner.MyRunner" name="runScenario" time="19.235"/>
  <system-out/>
  <testcase classname="runner.MyRunner" name="runScenario" time="14.255"/>
  <system-out/>
  <testcase classname="runner.MyRunner" name="runScenario" time="17.794"/>
  <system-out/>
  <testcase classname="runner.MyRunner" name="runScenario" time="23.480"/>
  <system-out/>
</testsuite> <!-- runner.MyRunner -->
