<?xml version="1.0" encoding="UTF-8"?>
<!-- Generated by org.testng.reporters.JUnitReportReporter -->
<testsuite hostname="DESKTOP-HMKMG6M" failures="0" tests="1" name="runner.MyRunner" time="22.129" errors="0" timestamp="2023-11-25T14:00:45 IST" skipped="0">
  <testcase classname="runner.MyRunner" name="runScenario" time="22.129"/>
  <system-out/>
</testsuite> <!-- runner.MyRunner -->
